Analysis & Synthesis report for MipsMulticicloDE2Wrapper
Fri Dec 01 14:11:17 2017
Quartus II 64-Bit Version 13.0.1 Build 232 06/12/2013 Service Pack 1 SJ Web Edition


---------------------
; Table of Contents ;
---------------------
  1. Legal Notice
  2. Analysis & Synthesis Summary
  3. Analysis & Synthesis Settings
  4. Parallel Compilation
  5. Analysis & Synthesis Source Files Read
  6. Analysis & Synthesis Resource Usage Summary
  7. Analysis & Synthesis Resource Utilization by Entity
  8. Analysis & Synthesis RAM Summary
  9. Analysis & Synthesis IP Cores Summary
 10. State Machine - |MipsMulticicloDE2Wrapper|MipsMulticiclo:Mips|blocoControle:BC|current_state
 11. General Register Statistics
 12. Multiplexer Restructuring Statistics (Restructuring Performed)
 13. Source assignments for MipsMulticiclo:Mips|blocoOperativo:BO|Memoria:RAM|bram:SectorA|altsyncram:altsyncram_component|altsyncram_oee1:auto_generated
 14. Parameter Settings for User Entity Instance: MipsMulticiclo:Mips|blocoOperativo:BO|Mux2x1:muxPC
 15. Parameter Settings for User Entity Instance: MipsMulticiclo:Mips|blocoOperativo:BO|Mux2x1:mux1
 16. Parameter Settings for User Entity Instance: MipsMulticiclo:Mips|blocoOperativo:BO|Mux2x1:mux2
 17. Parameter Settings for User Entity Instance: MipsMulticiclo:Mips|blocoOperativo:BO|Mux2x1:muxA
 18. Parameter Settings for User Entity Instance: MipsMulticiclo:Mips|blocoOperativo:BO|Mux4x1:muxB
 19. Parameter Settings for User Entity Instance: MipsMulticiclo:Mips|blocoOperativo:BO|Mux4x1:mux3
 20. Parameter Settings for User Entity Instance: MipsMulticiclo:Mips|blocoOperativo:BO|Memoria:RAM|bram:SectorA|altsyncram:altsyncram_component
 21. Parameter Settings for User Entity Instance: MipsMulticiclo:Mips|blocoOperativo:BO|bancoRegistrador:reg
 22. Parameter Settings for User Entity Instance: MipsMulticiclo:Mips|blocoOperativo:BO|registrador:RI
 23. Parameter Settings for User Entity Instance: MipsMulticiclo:Mips|blocoOperativo:BO|registrador:RDM
 24. Parameter Settings for User Entity Instance: MipsMulticiclo:Mips|blocoOperativo:BO|registrador:PC
 25. Parameter Settings for User Entity Instance: MipsMulticiclo:Mips|blocoOperativo:BO|registrador:RegA
 26. Parameter Settings for User Entity Instance: MipsMulticiclo:Mips|blocoOperativo:BO|registrador:RegB
 27. Parameter Settings for User Entity Instance: MipsMulticiclo:Mips|blocoOperativo:BO|registrador:ULASaida
 28. Parameter Settings for User Entity Instance: MipsMulticiclo:Mips|blocoOperativo:BO|ULA:ULA1
 29. Parameter Settings for User Entity Instance: MipsMulticiclo:Mips|blocoOperativo:BO|ULA:ULA1|Arithmetic:AddSub
 30. Parameter Settings for User Entity Instance: MipsMulticiclo:Mips|blocoOperativo:BO|ULA:ULA1|Logical:AndOrSlt
 31. Parameter Settings for User Entity Instance: MipsMulticiclo:Mips|blocoOperativo:BO|extensorSinal:extSinal
 32. Parameter Settings for User Entity Instance: MipsMulticiclo:Mips|blocoOperativo:BO|deslEsquerda:deslocaEsquerda
 33. Parameter Settings for User Entity Instance: MipsMulticiclo:Mips|blocoOperativo:BO|deslEsquerda:deslocaEsquerdaPC
 34. altsyncram Parameter Settings by Entity Instance
 35. Port Connectivity Checks: "Decoder7Segments:H7"
 36. Port Connectivity Checks: "MipsMulticiclo:Mips|blocoOperativo:BO|registrador:ULASaida"
 37. Port Connectivity Checks: "MipsMulticiclo:Mips|blocoOperativo:BO|registrador:RegB"
 38. Port Connectivity Checks: "MipsMulticiclo:Mips|blocoOperativo:BO|registrador:RegA"
 39. Port Connectivity Checks: "MipsMulticiclo:Mips|blocoOperativo:BO|registrador:RDM"
 40. Port Connectivity Checks: "MipsMulticiclo:Mips|blocoOperativo:BO|Mux4x1:mux3"
 41. Port Connectivity Checks: "MipsMulticiclo:Mips|blocoOperativo:BO|Mux4x1:muxB"
 42. Elapsed Time Per Partition
 43. Analysis & Synthesis Messages



----------------
; Legal Notice ;
----------------
Copyright (C) 1991-2013 Altera Corporation
Your use of Altera Corporation's design tools, logic functions 
and other software and tools, and its AMPP partner logic 
functions, and any output files from any of the foregoing 
(including device programming or simulation files), and any 
associated documentation or information are expressly subject 
to the terms and conditions of the Altera Program License 
Subscription Agreement, Altera MegaCore Function License 
Agreement, or other applicable license agreement, including, 
without limitation, that your use is for the sole purpose of 
programming logic devices manufactured by Altera and sold by 
Altera or its authorized distributors.  Please refer to the 
applicable agreement for further details.



+--------------------------------------------------------------------------------------+
; Analysis & Synthesis Summary                                                         ;
+------------------------------------+-------------------------------------------------+
; Analysis & Synthesis Status        ; Successful - Fri Dec 01 14:11:17 2017           ;
; Quartus II 64-Bit Version          ; 13.0.1 Build 232 06/12/2013 SP 1 SJ Web Edition ;
; Revision Name                      ; MipsMulticicloDE2Wrapper                        ;
; Top-level Entity Name              ; MipsMulticicloDE2Wrapper                        ;
; Family                             ; Cyclone II                                      ;
; Total logic elements               ; 2,998                                           ;
;     Total combinational functions  ; 1,930                                           ;
;     Dedicated logic registers      ; 1,238                                           ;
; Total registers                    ; 1238                                            ;
; Total pins                         ; 89                                              ;
; Total virtual pins                 ; 0                                               ;
; Total memory bits                  ; 8,192                                           ;
; Embedded Multiplier 9-bit elements ; 0                                               ;
; Total PLLs                         ; 0                                               ;
+------------------------------------+-------------------------------------------------+


+----------------------------------------------------------------------------------------------------------------------------------+
; Analysis & Synthesis Settings                                                                                                    ;
+----------------------------------------------------------------------------+--------------------------+--------------------------+
; Option                                                                     ; Setting                  ; Default Value            ;
+----------------------------------------------------------------------------+--------------------------+--------------------------+
; Device                                                                     ; EP2C35F672C6             ;                          ;
; Top-level entity name                                                      ; MipsMulticicloDE2Wrapper ; MipsMulticicloDE2Wrapper ;
; Family name                                                                ; Cyclone II               ; Cyclone IV GX            ;
; Use smart compilation                                                      ; Off                      ; Off                      ;
; Enable parallel Assembler and TimeQuest Timing Analyzer during compilation ; On                       ; On                       ;
; Enable compact report table                                                ; Off                      ; Off                      ;
; Restructure Multiplexers                                                   ; Auto                     ; Auto                     ;
; Create Debugging Nodes for IP Cores                                        ; Off                      ; Off                      ;
; Preserve fewer node names                                                  ; On                       ; On                       ;
; Disable OpenCore Plus hardware evaluation                                  ; Off                      ; Off                      ;
; Verilog Version                                                            ; Verilog_2001             ; Verilog_2001             ;
; VHDL Version                                                               ; VHDL_1993                ; VHDL_1993                ;
; State Machine Processing                                                   ; Auto                     ; Auto                     ;
; Safe State Machine                                                         ; Off                      ; Off                      ;
; Extract Verilog State Machines                                             ; On                       ; On                       ;
; Extract VHDL State Machines                                                ; On                       ; On                       ;
; Ignore Verilog initial constructs                                          ; Off                      ; Off                      ;
; Iteration limit for constant Verilog loops                                 ; 5000                     ; 5000                     ;
; Iteration limit for non-constant Verilog loops                             ; 250                      ; 250                      ;
; Add Pass-Through Logic to Inferred RAMs                                    ; On                       ; On                       ;
; Infer RAMs from Raw Logic                                                  ; On                       ; On                       ;
; Parallel Synthesis                                                         ; On                       ; On                       ;
; DSP Block Balancing                                                        ; Auto                     ; Auto                     ;
; NOT Gate Push-Back                                                         ; On                       ; On                       ;
; Power-Up Don't Care                                                        ; On                       ; On                       ;
; Remove Redundant Logic Cells                                               ; Off                      ; Off                      ;
; Remove Duplicate Registers                                                 ; On                       ; On                       ;
; Ignore CARRY Buffers                                                       ; Off                      ; Off                      ;
; Ignore CASCADE Buffers                                                     ; Off                      ; Off                      ;
; Ignore GLOBAL Buffers                                                      ; Off                      ; Off                      ;
; Ignore ROW GLOBAL Buffers                                                  ; Off                      ; Off                      ;
; Ignore LCELL Buffers                                                       ; Off                      ; Off                      ;
; Ignore SOFT Buffers                                                        ; On                       ; On                       ;
; Limit AHDL Integers to 32 Bits                                             ; Off                      ; Off                      ;
; Optimization Technique                                                     ; Balanced                 ; Balanced                 ;
; Carry Chain Length                                                         ; 70                       ; 70                       ;
; Auto Carry Chains                                                          ; On                       ; On                       ;
; Auto Open-Drain Pins                                                       ; On                       ; On                       ;
; Perform WYSIWYG Primitive Resynthesis                                      ; Off                      ; Off                      ;
; Auto ROM Replacement                                                       ; On                       ; On                       ;
; Auto RAM Replacement                                                       ; On                       ; On                       ;
; Auto Shift Register Replacement                                            ; Auto                     ; Auto                     ;
; Allow Shift Register Merging across Hierarchies                            ; Auto                     ; Auto                     ;
; Auto Clock Enable Replacement                                              ; On                       ; On                       ;
; Strict RAM Replacement                                                     ; Off                      ; Off                      ;
; Allow Synchronous Control Signals                                          ; On                       ; On                       ;
; Force Use of Synchronous Clear Signals                                     ; Off                      ; Off                      ;
; Auto RAM to Logic Cell Conversion                                          ; Off                      ; Off                      ;
; Auto Resource Sharing                                                      ; Off                      ; Off                      ;
; Allow Any RAM Size For Recognition                                         ; Off                      ; Off                      ;
; Allow Any ROM Size For Recognition                                         ; Off                      ; Off                      ;
; Allow Any Shift Register Size For Recognition                              ; Off                      ; Off                      ;
; Use LogicLock Constraints during Resource Balancing                        ; On                       ; On                       ;
; Ignore translate_off and synthesis_off directives                          ; Off                      ; Off                      ;
; Timing-Driven Synthesis                                                    ; Off                      ; Off                      ;
; Report Parameter Settings                                                  ; On                       ; On                       ;
; Report Source Assignments                                                  ; On                       ; On                       ;
; Report Connectivity Checks                                                 ; On                       ; On                       ;
; Ignore Maximum Fan-Out Assignments                                         ; Off                      ; Off                      ;
; Synchronization Register Chain Length                                      ; 2                        ; 2                        ;
; PowerPlay Power Optimization                                               ; Normal compilation       ; Normal compilation       ;
; HDL message level                                                          ; Level2                   ; Level2                   ;
; Suppress Register Optimization Related Messages                            ; Off                      ; Off                      ;
; Number of Removed Registers Reported in Synthesis Report                   ; 5000                     ; 5000                     ;
; Number of Swept Nodes Reported in Synthesis Report                         ; 5000                     ; 5000                     ;
; Number of Inverted Registers Reported in Synthesis Report                  ; 100                      ; 100                      ;
; Clock MUX Protection                                                       ; On                       ; On                       ;
; Auto Gated Clock Conversion                                                ; Off                      ; Off                      ;
; Block Design Naming                                                        ; Auto                     ; Auto                     ;
; SDC constraint protection                                                  ; Off                      ; Off                      ;
; Synthesis Effort                                                           ; Auto                     ; Auto                     ;
; Shift Register Replacement - Allow Asynchronous Clear Signal               ; On                       ; On                       ;
; Pre-Mapping Resynthesis Optimization                                       ; Off                      ; Off                      ;
; Analysis & Synthesis Message Level                                         ; Medium                   ; Medium                   ;
; Disable Register Merging Across Hierarchies                                ; Auto                     ; Auto                     ;
; Resource Aware Inference For Block RAM                                     ; On                       ; On                       ;
; Synthesis Seed                                                             ; 1                        ; 1                        ;
+----------------------------------------------------------------------------+--------------------------+--------------------------+


Parallel compilation was disabled, but you have multiple processors available. Enable parallel compilation to reduce compilation time.
+-------------------------------------+
; Parallel Compilation                ;
+----------------------------+--------+
; Processors                 ; Number ;
+----------------------------+--------+
; Number detected on machine ; 4      ;
; Maximum allowed            ; 1      ;
+----------------------------+--------+


+---------------------------------------------------------------------------------------------------------------------------------------------------------------------------------------------------------+
; Analysis & Synthesis Source Files Read                                                                                                                                                                  ;
+--------------------------------------------+-----------------+----------------------------------------+---------------------------------------------------------------------------------------+---------+
; File Name with User-Entered Path           ; Used in Netlist ; File Type                              ; File Name with Absolute Path                                                          ; Library ;
+--------------------------------------------+-----------------+----------------------------------------+---------------------------------------------------------------------------------------+---------+
; src/Componentes/Mux4x1.vhd                 ; yes             ; User VHDL File                         ; C:/Users/eiske/Documents/GitHub/INE5406/R3/src/Componentes/Mux4x1.vhd                 ;         ;
; src/Componentes/Mux2x1.vhd                 ; yes             ; User VHDL File                         ; C:/Users/eiske/Documents/GitHub/INE5406/R3/src/Componentes/Mux2x1.vhd                 ;         ;
; src/Componentes/extensorSinal.vhd          ; yes             ; User VHDL File                         ; C:/Users/eiske/Documents/GitHub/INE5406/R3/src/Componentes/extensorSinal.vhd          ;         ;
; src/Componentes/deslEsquerda.vhd           ; yes             ; User VHDL File                         ; C:/Users/eiske/Documents/GitHub/INE5406/R3/src/Componentes/deslEsquerda.vhd           ;         ;
; src/Interface/MipsMulticicloDE2Wrapper.vhd ; yes             ; User VHDL File                         ; C:/Users/eiske/Documents/GitHub/INE5406/R3/src/Interface/MipsMulticicloDE2Wrapper.vhd ;         ;
; src/Interface/MipsMulticiclo.vhd           ; yes             ; User VHDL File                         ; C:/Users/eiske/Documents/GitHub/INE5406/R3/src/Interface/MipsMulticiclo.vhd           ;         ;
; src/Interface/Decoder7Segments.vhd         ; yes             ; User VHDL File                         ; C:/Users/eiske/Documents/GitHub/INE5406/R3/src/Interface/Decoder7Segments.vhd         ;         ;
; src/Interface/Debounce.vhd                 ; yes             ; User VHDL File                         ; C:/Users/eiske/Documents/GitHub/INE5406/R3/src/Interface/Debounce.vhd                 ;         ;
; src/Interface/blocoOperativo.vhd           ; yes             ; User VHDL File                         ; C:/Users/eiske/Documents/GitHub/INE5406/R3/src/Interface/blocoOperativo.vhd           ;         ;
; src/Interface/blocoControle.vhd            ; yes             ; User VHDL File                         ; C:/Users/eiske/Documents/GitHub/INE5406/R3/src/Interface/blocoControle.vhd            ;         ;
; src/RAM/Memoria.vhd                        ; yes             ; User VHDL File                         ; C:/Users/eiske/Documents/GitHub/INE5406/R3/src/RAM/Memoria.vhd                        ;         ;
; src/RAM/bram.vhd                           ; yes             ; User Wizard-Generated File             ; C:/Users/eiske/Documents/GitHub/INE5406/R3/src/RAM/bram.vhd                           ;         ;
; src/Reg/registrador.vhd                    ; yes             ; User VHDL File                         ; C:/Users/eiske/Documents/GitHub/INE5406/R3/src/Reg/registrador.vhd                    ;         ;
; src/Reg/bancoRegistrador.vhd               ; yes             ; User VHDL File                         ; C:/Users/eiske/Documents/GitHub/INE5406/R3/src/Reg/bancoRegistrador.vhd               ;         ;
; src/ULA/ULA.vhd                            ; yes             ; User VHDL File                         ; C:/Users/eiske/Documents/GitHub/INE5406/R3/src/ULA/ULA.vhd                            ;         ;
; src/ULA/Logical.vhd                        ; yes             ; User VHDL File                         ; C:/Users/eiske/Documents/GitHub/INE5406/R3/src/ULA/Logical.vhd                        ;         ;
; src/ULA/Arithmetic.vhd                     ; yes             ; User VHDL File                         ; C:/Users/eiske/Documents/GitHub/INE5406/R3/src/ULA/Arithmetic.vhd                     ;         ;
; src/ULA/ALUOperation.vhd                   ; yes             ; User VHDL File                         ; C:/Users/eiske/Documents/GitHub/INE5406/R3/src/ULA/ALUOperation.vhd                   ;         ;
; altsyncram.tdf                             ; yes             ; Megafunction                           ; c:/altera/13.0sp1/quartus/libraries/megafunctions/altsyncram.tdf                      ;         ;
; stratix_ram_block.inc                      ; yes             ; Megafunction                           ; c:/altera/13.0sp1/quartus/libraries/megafunctions/stratix_ram_block.inc               ;         ;
; lpm_mux.inc                                ; yes             ; Megafunction                           ; c:/altera/13.0sp1/quartus/libraries/megafunctions/lpm_mux.inc                         ;         ;
; lpm_decode.inc                             ; yes             ; Megafunction                           ; c:/altera/13.0sp1/quartus/libraries/megafunctions/lpm_decode.inc                      ;         ;
; aglobal130.inc                             ; yes             ; Megafunction                           ; c:/altera/13.0sp1/quartus/libraries/megafunctions/aglobal130.inc                      ;         ;
; a_rdenreg.inc                              ; yes             ; Megafunction                           ; c:/altera/13.0sp1/quartus/libraries/megafunctions/a_rdenreg.inc                       ;         ;
; altrom.inc                                 ; yes             ; Megafunction                           ; c:/altera/13.0sp1/quartus/libraries/megafunctions/altrom.inc                          ;         ;
; altram.inc                                 ; yes             ; Megafunction                           ; c:/altera/13.0sp1/quartus/libraries/megafunctions/altram.inc                          ;         ;
; altdpram.inc                               ; yes             ; Megafunction                           ; c:/altera/13.0sp1/quartus/libraries/megafunctions/altdpram.inc                        ;         ;
; db/altsyncram_oee1.tdf                     ; yes             ; Auto-Generated Megafunction            ; C:/Users/eiske/Documents/GitHub/INE5406/R3/db/altsyncram_oee1.tdf                     ;         ;
; simulation/rambubble.mif                   ; yes             ; Auto-Found Memory Initialization File  ; C:/Users/eiske/Documents/GitHub/INE5406/R3/simulation/rambubble.mif                   ;         ;
+--------------------------------------------+-----------------+----------------------------------------+---------------------------------------------------------------------------------------+---------+


+-----------------------------------------------------------------------------+
; Analysis & Synthesis Resource Usage Summary                                 ;
+---------------------------------------------+-------------------------------+
; Resource                                    ; Usage                         ;
+---------------------------------------------+-------------------------------+
; Estimated Total logic elements              ; 2,998                         ;
;                                             ;                               ;
; Total combinational functions               ; 1930                          ;
; Logic element usage by number of LUT inputs ;                               ;
;     -- 4 input functions                    ; 1583                          ;
;     -- 3 input functions                    ; 297                           ;
;     -- <=2 input functions                  ; 50                            ;
;                                             ;                               ;
; Logic elements by mode                      ;                               ;
;     -- normal mode                          ; 1837                          ;
;     -- arithmetic mode                      ; 93                            ;
;                                             ;                               ;
; Total registers                             ; 1238                          ;
;     -- Dedicated logic registers            ; 1238                          ;
;     -- I/O registers                        ; 0                             ;
;                                             ;                               ;
; I/O pins                                    ; 89                            ;
; Total memory bits                           ; 8192                          ;
; Embedded Multiplier 9-bit elements          ; 0                             ;
; Maximum fan-out node                        ; Debounce:DebClk|DebouncedData ;
; Maximum fan-out                             ; 1258                          ;
; Total fan-out                               ; 12532                         ;
; Average fan-out                             ; 3.81                          ;
+---------------------------------------------+-------------------------------+


+-----------------------------------------------------------------------------------------------------------------------------------------------------------------------------------------------------------------------------------------------------------------------------------------------------------------------------------------+
; Analysis & Synthesis Resource Utilization by Entity                                                                                                                                                                                                                                                                                     ;
+----------------------------------------------------+-------------------+--------------+-------------+--------------+---------+-----------+------+--------------+---------------------------------------------------------------------------------------------------------------------------------------------------------+--------------+
; Compilation Hierarchy Node                         ; LC Combinationals ; LC Registers ; Memory Bits ; DSP Elements ; DSP 9x9 ; DSP 18x18 ; Pins ; Virtual Pins ; Full Hierarchy Name                                                                                                                                     ; Library Name ;
+----------------------------------------------------+-------------------+--------------+-------------+--------------+---------+-----------+------+--------------+---------------------------------------------------------------------------------------------------------------------------------------------------------+--------------+
; |MipsMulticicloDE2Wrapper                          ; 1930 (59)         ; 1238 (0)     ; 8192        ; 0            ; 0       ; 0         ; 89   ; 0            ; |MipsMulticicloDE2Wrapper                                                                                                                               ; work         ;
;    |Debounce:DebClk|                               ; 3 (3)             ; 6 (6)        ; 0           ; 0            ; 0       ; 0         ; 0    ; 0            ; |MipsMulticicloDE2Wrapper|Debounce:DebClk                                                                                                               ; work         ;
;    |Debounce:DebRst|                               ; 3 (3)             ; 6 (6)        ; 0           ; 0            ; 0       ; 0         ; 0    ; 0            ; |MipsMulticicloDE2Wrapper|Debounce:DebRst                                                                                                               ; work         ;
;    |Decoder7Segments:H0|                           ; 7 (7)             ; 0 (0)        ; 0           ; 0            ; 0       ; 0         ; 0    ; 0            ; |MipsMulticicloDE2Wrapper|Decoder7Segments:H0                                                                                                           ; work         ;
;    |Decoder7Segments:H1|                           ; 7 (7)             ; 0 (0)        ; 0           ; 0            ; 0       ; 0         ; 0    ; 0            ; |MipsMulticicloDE2Wrapper|Decoder7Segments:H1                                                                                                           ; work         ;
;    |Decoder7Segments:H2|                           ; 7 (7)             ; 0 (0)        ; 0           ; 0            ; 0       ; 0         ; 0    ; 0            ; |MipsMulticicloDE2Wrapper|Decoder7Segments:H2                                                                                                           ; work         ;
;    |Decoder7Segments:H3|                           ; 7 (7)             ; 0 (0)        ; 0           ; 0            ; 0       ; 0         ; 0    ; 0            ; |MipsMulticicloDE2Wrapper|Decoder7Segments:H3                                                                                                           ; work         ;
;    |Decoder7Segments:H4|                           ; 7 (7)             ; 0 (0)        ; 0           ; 0            ; 0       ; 0         ; 0    ; 0            ; |MipsMulticicloDE2Wrapper|Decoder7Segments:H4                                                                                                           ; work         ;
;    |Decoder7Segments:H5|                           ; 7 (7)             ; 0 (0)        ; 0           ; 0            ; 0       ; 0         ; 0    ; 0            ; |MipsMulticicloDE2Wrapper|Decoder7Segments:H5                                                                                                           ; work         ;
;    |Decoder7Segments:H6|                           ; 7 (7)             ; 0 (0)        ; 0           ; 0            ; 0       ; 0         ; 0    ; 0            ; |MipsMulticicloDE2Wrapper|Decoder7Segments:H6                                                                                                           ; work         ;
;    |MipsMulticiclo:Mips|                           ; 1816 (0)          ; 1226 (0)     ; 8192        ; 0            ; 0       ; 0         ; 0    ; 0            ; |MipsMulticicloDE2Wrapper|MipsMulticiclo:Mips                                                                                                           ; work         ;
;       |blocoControle:BC|                           ; 21 (21)           ; 10 (10)      ; 0           ; 0            ; 0       ; 0         ; 0    ; 0            ; |MipsMulticicloDE2Wrapper|MipsMulticiclo:Mips|blocoControle:BC                                                                                          ; work         ;
;       |blocoOperativo:BO|                          ; 1795 (15)         ; 1216 (0)     ; 8192        ; 0            ; 0       ; 0         ; 0    ; 0            ; |MipsMulticicloDE2Wrapper|MipsMulticiclo:Mips|blocoOperativo:BO                                                                                         ; work         ;
;          |ALUOperation:operacaoUla|                ; 5 (5)             ; 0 (0)        ; 0           ; 0            ; 0       ; 0         ; 0    ; 0            ; |MipsMulticicloDE2Wrapper|MipsMulticiclo:Mips|blocoOperativo:BO|ALUOperation:operacaoUla                                                                ; work         ;
;          |Memoria:RAM|                             ; 0 (0)             ; 0 (0)        ; 8192        ; 0            ; 0       ; 0         ; 0    ; 0            ; |MipsMulticicloDE2Wrapper|MipsMulticiclo:Mips|blocoOperativo:BO|Memoria:RAM                                                                             ; work         ;
;             |bram:SectorA|                         ; 0 (0)             ; 0 (0)        ; 8192        ; 0            ; 0       ; 0         ; 0    ; 0            ; |MipsMulticicloDE2Wrapper|MipsMulticiclo:Mips|blocoOperativo:BO|Memoria:RAM|bram:SectorA                                                                ; work         ;
;                |altsyncram:altsyncram_component|   ; 0 (0)             ; 0 (0)        ; 8192        ; 0            ; 0       ; 0         ; 0    ; 0            ; |MipsMulticicloDE2Wrapper|MipsMulticiclo:Mips|blocoOperativo:BO|Memoria:RAM|bram:SectorA|altsyncram:altsyncram_component                                ; work         ;
;                   |altsyncram_oee1:auto_generated| ; 0 (0)             ; 0 (0)        ; 8192        ; 0            ; 0       ; 0         ; 0    ; 0            ; |MipsMulticicloDE2Wrapper|MipsMulticiclo:Mips|blocoOperativo:BO|Memoria:RAM|bram:SectorA|altsyncram:altsyncram_component|altsyncram_oee1:auto_generated ; work         ;
;          |Mux2x1:mux1|                             ; 4 (4)             ; 0 (0)        ; 0           ; 0            ; 0       ; 0         ; 0    ; 0            ; |MipsMulticicloDE2Wrapper|MipsMulticiclo:Mips|blocoOperativo:BO|Mux2x1:mux1                                                                             ; work         ;
;          |Mux2x1:mux2|                             ; 32 (32)           ; 0 (0)        ; 0           ; 0            ; 0       ; 0         ; 0    ; 0            ; |MipsMulticicloDE2Wrapper|MipsMulticiclo:Mips|blocoOperativo:BO|Mux2x1:mux2                                                                             ; work         ;
;          |Mux2x1:muxA|                             ; 32 (32)           ; 0 (0)        ; 0           ; 0            ; 0       ; 0         ; 0    ; 0            ; |MipsMulticicloDE2Wrapper|MipsMulticiclo:Mips|blocoOperativo:BO|Mux2x1:muxA                                                                             ; work         ;
;          |Mux2x1:muxPC|                            ; 8 (8)             ; 0 (0)        ; 0           ; 0            ; 0       ; 0         ; 0    ; 0            ; |MipsMulticicloDE2Wrapper|MipsMulticiclo:Mips|blocoOperativo:BO|Mux2x1:muxPC                                                                            ; work         ;
;          |Mux4x1:mux3|                             ; 61 (61)           ; 0 (0)        ; 0           ; 0            ; 0       ; 0         ; 0    ; 0            ; |MipsMulticicloDE2Wrapper|MipsMulticiclo:Mips|blocoOperativo:BO|Mux4x1:mux3                                                                             ; work         ;
;          |Mux4x1:muxB|                             ; 51 (51)           ; 0 (0)        ; 0           ; 0            ; 0       ; 0         ; 0    ; 0            ; |MipsMulticicloDE2Wrapper|MipsMulticiclo:Mips|blocoOperativo:BO|Mux4x1:muxB                                                                             ; work         ;
;          |ULA:ULA1|                                ; 195 (99)          ; 0 (0)        ; 0           ; 0            ; 0       ; 0         ; 0    ; 0            ; |MipsMulticicloDE2Wrapper|MipsMulticiclo:Mips|blocoOperativo:BO|ULA:ULA1                                                                                ; work         ;
;             |Arithmetic:AddSub|                    ; 64 (64)           ; 0 (0)        ; 0           ; 0            ; 0       ; 0         ; 0    ; 0            ; |MipsMulticicloDE2Wrapper|MipsMulticiclo:Mips|blocoOperativo:BO|ULA:ULA1|Arithmetic:AddSub                                                              ; work         ;
;             |Logical:AndOrSlt|                     ; 32 (32)           ; 0 (0)        ; 0           ; 0            ; 0       ; 0         ; 0    ; 0            ; |MipsMulticicloDE2Wrapper|MipsMulticiclo:Mips|blocoOperativo:BO|ULA:ULA1|Logical:AndOrSlt                                                               ; work         ;
;          |bancoRegistrador:reg|                    ; 1388 (1388)       ; 1024 (1024)  ; 0           ; 0            ; 0       ; 0         ; 0    ; 0            ; |MipsMulticicloDE2Wrapper|MipsMulticiclo:Mips|blocoOperativo:BO|bancoRegistrador:reg                                                                    ; work         ;
;          |registrador:PC|                          ; 4 (4)             ; 32 (32)      ; 0           ; 0            ; 0       ; 0         ; 0    ; 0            ; |MipsMulticicloDE2Wrapper|MipsMulticiclo:Mips|blocoOperativo:BO|registrador:PC                                                                          ; work         ;
;          |registrador:RDM|                         ; 0 (0)             ; 32 (32)      ; 0           ; 0            ; 0       ; 0         ; 0    ; 0            ; |MipsMulticicloDE2Wrapper|MipsMulticiclo:Mips|blocoOperativo:BO|registrador:RDM                                                                         ; work         ;
;          |registrador:RI|                          ; 0 (0)             ; 32 (32)      ; 0           ; 0            ; 0       ; 0         ; 0    ; 0            ; |MipsMulticicloDE2Wrapper|MipsMulticiclo:Mips|blocoOperativo:BO|registrador:RI                                                                          ; work         ;
;          |registrador:RegA|                        ; 0 (0)             ; 32 (32)      ; 0           ; 0            ; 0       ; 0         ; 0    ; 0            ; |MipsMulticicloDE2Wrapper|MipsMulticiclo:Mips|blocoOperativo:BO|registrador:RegA                                                                        ; work         ;
;          |registrador:RegB|                        ; 0 (0)             ; 32 (32)      ; 0           ; 0            ; 0       ; 0         ; 0    ; 0            ; |MipsMulticicloDE2Wrapper|MipsMulticiclo:Mips|blocoOperativo:BO|registrador:RegB                                                                        ; work         ;
;          |registrador:ULASaida|                    ; 0 (0)             ; 32 (32)      ; 0           ; 0            ; 0       ; 0         ; 0    ; 0            ; |MipsMulticicloDE2Wrapper|MipsMulticiclo:Mips|blocoOperativo:BO|registrador:ULASaida                                                                    ; work         ;
+----------------------------------------------------+-------------------+--------------+-------------+--------------+---------+-----------+------+--------------+---------------------------------------------------------------------------------------------------------------------------------------------------------+--------------+
Note: For table entries with two numbers listed, the numbers in parentheses indicate the number of resources of the given type used by the specific entity alone. The numbers listed outside of parentheses indicate the total resources of the given type used by the specific entity and all of its sub-entities in the hierarchy.


+---------------------------------------------------------------------------------------------------------------------------------------------------------------------------------------------------------------------------------------------------------------+
; Analysis & Synthesis RAM Summary                                                                                                                                                                                                                              ;
+------------------------------------------------------------------------------------------------------------------------------------------+------+-------------+--------------+--------------+--------------+--------------+------+----------------------------+
; Name                                                                                                                                     ; Type ; Mode        ; Port A Depth ; Port A Width ; Port B Depth ; Port B Width ; Size ; MIF                        ;
+------------------------------------------------------------------------------------------------------------------------------------------+------+-------------+--------------+--------------+--------------+--------------+------+----------------------------+
; MipsMulticiclo:Mips|blocoOperativo:BO|Memoria:RAM|bram:SectorA|altsyncram:altsyncram_component|altsyncram_oee1:auto_generated|ALTSYNCRAM ; AUTO ; Single Port ; 256          ; 32           ; --           ; --           ; 8192 ; ./simulation/RAMBubble.mif ;
+------------------------------------------------------------------------------------------------------------------------------------------+------+-------------+--------------+--------------+--------------+--------------+------+----------------------------+


+------------------------------------------------------------------------------------------------------------------------------------------------------------------------------------------------------------------------+
; Analysis & Synthesis IP Cores Summary                                                                                                                                                                                  ;
+--------+--------------+---------+--------------+--------------+------------------------------------------------------------------------------------------+-------------------------------------------------------------+
; Vendor ; IP Core Name ; Version ; Release Date ; License Type ; Entity Instance                                                                          ; IP Include File                                             ;
+--------+--------------+---------+--------------+--------------+------------------------------------------------------------------------------------------+-------------------------------------------------------------+
; Altera ; RAM: 1-PORT  ; N/A     ; N/A          ; N/A          ; |MipsMulticicloDE2Wrapper|MipsMulticiclo:Mips|blocoOperativo:BO|Memoria:RAM|bram:SectorA ; C:/Users/eiske/Documents/GitHub/INE5406/R3/src/RAM/bram.vhd ;
+--------+--------------+---------+--------------+--------------+------------------------------------------------------------------------------------------+-------------------------------------------------------------+


Encoding Type:  One-Hot
+----------------------------------------------------------------------------------------------------------------------------------------------------------------------------------------------------------------+
; State Machine - |MipsMulticicloDE2Wrapper|MipsMulticiclo:Mips|blocoControle:BC|current_state                                                                                                                   ;
+------------------+------------------+------------------+------------------+------------------+------------------+------------------+------------------+------------------+------------------+------------------+
; Name             ; current_state.S9 ; current_state.S8 ; current_state.S7 ; current_state.S6 ; current_state.S5 ; current_state.S4 ; current_state.S3 ; current_state.S2 ; current_state.S1 ; current_state.S0 ;
+------------------+------------------+------------------+------------------+------------------+------------------+------------------+------------------+------------------+------------------+------------------+
; current_state.S0 ; 0                ; 0                ; 0                ; 0                ; 0                ; 0                ; 0                ; 0                ; 0                ; 0                ;
; current_state.S1 ; 0                ; 0                ; 0                ; 0                ; 0                ; 0                ; 0                ; 0                ; 1                ; 1                ;
; current_state.S2 ; 0                ; 0                ; 0                ; 0                ; 0                ; 0                ; 0                ; 1                ; 0                ; 1                ;
; current_state.S3 ; 0                ; 0                ; 0                ; 0                ; 0                ; 0                ; 1                ; 0                ; 0                ; 1                ;
; current_state.S4 ; 0                ; 0                ; 0                ; 0                ; 0                ; 1                ; 0                ; 0                ; 0                ; 1                ;
; current_state.S5 ; 0                ; 0                ; 0                ; 0                ; 1                ; 0                ; 0                ; 0                ; 0                ; 1                ;
; current_state.S6 ; 0                ; 0                ; 0                ; 1                ; 0                ; 0                ; 0                ; 0                ; 0                ; 1                ;
; current_state.S7 ; 0                ; 0                ; 1                ; 0                ; 0                ; 0                ; 0                ; 0                ; 0                ; 1                ;
; current_state.S8 ; 0                ; 1                ; 0                ; 0                ; 0                ; 0                ; 0                ; 0                ; 0                ; 1                ;
; current_state.S9 ; 1                ; 0                ; 0                ; 0                ; 0                ; 0                ; 0                ; 0                ; 0                ; 1                ;
+------------------+------------------+------------------+------------------+------------------+------------------+------------------+------------------+------------------+------------------+------------------+


+------------------------------------------------------+
; General Register Statistics                          ;
+----------------------------------------------+-------+
; Statistic                                    ; Value ;
+----------------------------------------------+-------+
; Total registers                              ; 1238  ;
; Number of registers using Synchronous Clear  ; 0     ;
; Number of registers using Synchronous Load   ; 0     ;
; Number of registers using Asynchronous Clear ; 1226  ;
; Number of registers using Asynchronous Load  ; 0     ;
; Number of registers using Clock Enable       ; 1088  ;
; Number of registers using Preset             ; 0     ;
+----------------------------------------------+-------+


+-----------------------------------------------------------------------------------------------------------------------------------------------------------------------------------------------------------------+
; Multiplexer Restructuring Statistics (Restructuring Performed)                                                                                                                                                  ;
+--------------------+-----------+---------------+----------------------+------------------------+------------+---------------------------------------------------------------------------------------------------+
; Multiplexer Inputs ; Bus Width ; Baseline Area ; Area if Restructured ; Saving if Restructured ; Registered ; Example Multiplexer Output                                                                        ;
+--------------------+-----------+---------------+----------------------+------------------------+------------+---------------------------------------------------------------------------------------------------+
; 3:1                ; 2 bits    ; 4 LEs         ; 4 LEs                ; 0 LEs                  ; Yes        ; |MipsMulticicloDE2Wrapper|MipsMulticiclo:Mips|blocoOperativo:BO|registrador:PC|CurrentState[0]    ;
; 4:1                ; 4 bits    ; 8 LEs         ; 8 LEs                ; 0 LEs                  ; Yes        ; |MipsMulticicloDE2Wrapper|MipsMulticiclo:Mips|blocoOperativo:BO|registrador:PC|CurrentState[31]   ;
; 4:1                ; 26 bits   ; 52 LEs        ; 52 LEs               ; 0 LEs                  ; Yes        ; |MipsMulticicloDE2Wrapper|MipsMulticiclo:Mips|blocoOperativo:BO|registrador:PC|CurrentState[2]    ;
; 32:1               ; 32 bits   ; 672 LEs       ; 672 LEs              ; 0 LEs                  ; Yes        ; |MipsMulticicloDE2Wrapper|MipsMulticiclo:Mips|blocoOperativo:BO|registrador:RegA|CurrentState[9]  ;
; 32:1               ; 32 bits   ; 672 LEs       ; 672 LEs              ; 0 LEs                  ; Yes        ; |MipsMulticicloDE2Wrapper|MipsMulticiclo:Mips|blocoOperativo:BO|registrador:RegB|CurrentState[22] ;
; 5:1                ; 6 bits    ; 18 LEs        ; 6 LEs                ; 12 LEs                 ; No         ; |MipsMulticicloDE2Wrapper|MipsMulticiclo:Mips|blocoControle:BC|next_state                         ;
; 4:1                ; 2 bits    ; 4 LEs         ; 4 LEs                ; 0 LEs                  ; No         ; |MipsMulticicloDE2Wrapper|MipsMulticiclo:Mips|blocoOperativo:BO|Mux4x1:muxB|Output[0]             ;
; 4:1                ; 15 bits   ; 30 LEs        ; 30 LEs               ; 0 LEs                  ; No         ; |MipsMulticicloDE2Wrapper|MipsMulticiclo:Mips|blocoOperativo:BO|Mux4x1:muxB|Output[11]            ;
; 6:1                ; 3 bits    ; 12 LEs        ; 9 LEs                ; 3 LEs                  ; No         ; |MipsMulticicloDE2Wrapper|LEDR                                                                    ;
; 6:1                ; 4 bits    ; 16 LEs        ; 16 LEs               ; 0 LEs                  ; No         ; |MipsMulticicloDE2Wrapper|MipsMulticiclo:Mips|blocoControle:BC|next_state.S9                      ;
; 5:1                ; 31 bits   ; 93 LEs        ; 93 LEs               ; 0 LEs                  ; No         ; |MipsMulticicloDE2Wrapper|MipsMulticiclo:Mips|blocoOperativo:BO|ULA:ULA1|Output[13]               ;
; 7:1                ; 10 bits   ; 40 LEs        ; 30 LEs               ; 10 LEs                 ; No         ; |MipsMulticicloDE2Wrapper|LEDR                                                                    ;
; 7:1                ; 3 bits    ; 12 LEs        ; 12 LEs               ; 0 LEs                  ; No         ; |MipsMulticicloDE2Wrapper|LEDR                                                                    ;
+--------------------+-----------+---------------+----------------------+------------------------+------------+---------------------------------------------------------------------------------------------------+


+------------------------------------------------------------------------------------------------------------------------------------------------------+
; Source assignments for MipsMulticiclo:Mips|blocoOperativo:BO|Memoria:RAM|bram:SectorA|altsyncram:altsyncram_component|altsyncram_oee1:auto_generated ;
+---------------------------------+--------------------+------+----------------------------------------------------------------------------------------+
; Assignment                      ; Value              ; From ; To                                                                                     ;
+---------------------------------+--------------------+------+----------------------------------------------------------------------------------------+
; OPTIMIZE_POWER_DURING_SYNTHESIS ; NORMAL_COMPILATION ; -    ; -                                                                                      ;
+---------------------------------+--------------------+------+----------------------------------------------------------------------------------------+


+-------------------------------------------------------------------------------------------------+
; Parameter Settings for User Entity Instance: MipsMulticiclo:Mips|blocoOperativo:BO|Mux2x1:muxPC ;
+----------------+-------+------------------------------------------------------------------------+
; Parameter Name ; Value ; Type                                                                   ;
+----------------+-------+------------------------------------------------------------------------+
; vectorlength   ; 32    ; Signed Integer                                                         ;
+----------------+-------+------------------------------------------------------------------------+
Note: In order to hide this table in the UI and the text report file, please set the "Show Parameter Settings in Synthesis Report" option in "Analysis and Synthesis Settings -> More Settings" to "Off".


+------------------------------------------------------------------------------------------------+
; Parameter Settings for User Entity Instance: MipsMulticiclo:Mips|blocoOperativo:BO|Mux2x1:mux1 ;
+----------------+-------+-----------------------------------------------------------------------+
; Parameter Name ; Value ; Type                                                                  ;
+----------------+-------+-----------------------------------------------------------------------+
; vectorlength   ; 5     ; Signed Integer                                                        ;
+----------------+-------+-----------------------------------------------------------------------+
Note: In order to hide this table in the UI and the text report file, please set the "Show Parameter Settings in Synthesis Report" option in "Analysis and Synthesis Settings -> More Settings" to "Off".


+------------------------------------------------------------------------------------------------+
; Parameter Settings for User Entity Instance: MipsMulticiclo:Mips|blocoOperativo:BO|Mux2x1:mux2 ;
+----------------+-------+-----------------------------------------------------------------------+
; Parameter Name ; Value ; Type                                                                  ;
+----------------+-------+-----------------------------------------------------------------------+
; vectorlength   ; 32    ; Signed Integer                                                        ;
+----------------+-------+-----------------------------------------------------------------------+
Note: In order to hide this table in the UI and the text report file, please set the "Show Parameter Settings in Synthesis Report" option in "Analysis and Synthesis Settings -> More Settings" to "Off".


+------------------------------------------------------------------------------------------------+
; Parameter Settings for User Entity Instance: MipsMulticiclo:Mips|blocoOperativo:BO|Mux2x1:muxA ;
+----------------+-------+-----------------------------------------------------------------------+
; Parameter Name ; Value ; Type                                                                  ;
+----------------+-------+-----------------------------------------------------------------------+
; vectorlength   ; 32    ; Signed Integer                                                        ;
+----------------+-------+-----------------------------------------------------------------------+
Note: In order to hide this table in the UI and the text report file, please set the "Show Parameter Settings in Synthesis Report" option in "Analysis and Synthesis Settings -> More Settings" to "Off".


+------------------------------------------------------------------------------------------------+
; Parameter Settings for User Entity Instance: MipsMulticiclo:Mips|blocoOperativo:BO|Mux4x1:muxB ;
+----------------+-------+-----------------------------------------------------------------------+
; Parameter Name ; Value ; Type                                                                  ;
+----------------+-------+-----------------------------------------------------------------------+
; vectorlength   ; 32    ; Signed Integer                                                        ;
+----------------+-------+-----------------------------------------------------------------------+
Note: In order to hide this table in the UI and the text report file, please set the "Show Parameter Settings in Synthesis Report" option in "Analysis and Synthesis Settings -> More Settings" to "Off".


+------------------------------------------------------------------------------------------------+
; Parameter Settings for User Entity Instance: MipsMulticiclo:Mips|blocoOperativo:BO|Mux4x1:mux3 ;
+----------------+-------+-----------------------------------------------------------------------+
; Parameter Name ; Value ; Type                                                                  ;
+----------------+-------+-----------------------------------------------------------------------+
; vectorlength   ; 32    ; Signed Integer                                                        ;
+----------------+-------+-----------------------------------------------------------------------+
Note: In order to hide this table in the UI and the text report file, please set the "Show Parameter Settings in Synthesis Report" option in "Analysis and Synthesis Settings -> More Settings" to "Off".


+---------------------------------------------------------------------------------------------------------------------------------------------+
; Parameter Settings for User Entity Instance: MipsMulticiclo:Mips|blocoOperativo:BO|Memoria:RAM|bram:SectorA|altsyncram:altsyncram_component ;
+------------------------------------+----------------------------+---------------------------------------------------------------------------+
; Parameter Name                     ; Value                      ; Type                                                                      ;
+------------------------------------+----------------------------+---------------------------------------------------------------------------+
; BYTE_SIZE_BLOCK                    ; 8                          ; Untyped                                                                   ;
; AUTO_CARRY_CHAINS                  ; ON                         ; AUTO_CARRY                                                                ;
; IGNORE_CARRY_BUFFERS               ; OFF                        ; IGNORE_CARRY                                                              ;
; AUTO_CASCADE_CHAINS                ; ON                         ; AUTO_CASCADE                                                              ;
; IGNORE_CASCADE_BUFFERS             ; OFF                        ; IGNORE_CASCADE                                                            ;
; WIDTH_BYTEENA                      ; 1                          ; Untyped                                                                   ;
; OPERATION_MODE                     ; SINGLE_PORT                ; Untyped                                                                   ;
; WIDTH_A                            ; 32                         ; Signed Integer                                                            ;
; WIDTHAD_A                          ; 8                          ; Signed Integer                                                            ;
; NUMWORDS_A                         ; 256                        ; Signed Integer                                                            ;
; OUTDATA_REG_A                      ; UNREGISTERED               ; Untyped                                                                   ;
; ADDRESS_ACLR_A                     ; NONE                       ; Untyped                                                                   ;
; OUTDATA_ACLR_A                     ; NONE                       ; Untyped                                                                   ;
; WRCONTROL_ACLR_A                   ; NONE                       ; Untyped                                                                   ;
; INDATA_ACLR_A                      ; NONE                       ; Untyped                                                                   ;
; BYTEENA_ACLR_A                     ; NONE                       ; Untyped                                                                   ;
; WIDTH_B                            ; 1                          ; Untyped                                                                   ;
; WIDTHAD_B                          ; 1                          ; Untyped                                                                   ;
; NUMWORDS_B                         ; 1                          ; Untyped                                                                   ;
; INDATA_REG_B                       ; CLOCK1                     ; Untyped                                                                   ;
; WRCONTROL_WRADDRESS_REG_B          ; CLOCK1                     ; Untyped                                                                   ;
; RDCONTROL_REG_B                    ; CLOCK1                     ; Untyped                                                                   ;
; ADDRESS_REG_B                      ; CLOCK1                     ; Untyped                                                                   ;
; OUTDATA_REG_B                      ; UNREGISTERED               ; Untyped                                                                   ;
; BYTEENA_REG_B                      ; CLOCK1                     ; Untyped                                                                   ;
; INDATA_ACLR_B                      ; NONE                       ; Untyped                                                                   ;
; WRCONTROL_ACLR_B                   ; NONE                       ; Untyped                                                                   ;
; ADDRESS_ACLR_B                     ; NONE                       ; Untyped                                                                   ;
; OUTDATA_ACLR_B                     ; NONE                       ; Untyped                                                                   ;
; RDCONTROL_ACLR_B                   ; NONE                       ; Untyped                                                                   ;
; BYTEENA_ACLR_B                     ; NONE                       ; Untyped                                                                   ;
; WIDTH_BYTEENA_A                    ; 1                          ; Signed Integer                                                            ;
; WIDTH_BYTEENA_B                    ; 1                          ; Untyped                                                                   ;
; RAM_BLOCK_TYPE                     ; AUTO                       ; Untyped                                                                   ;
; BYTE_SIZE                          ; 8                          ; Untyped                                                                   ;
; READ_DURING_WRITE_MODE_MIXED_PORTS ; DONT_CARE                  ; Untyped                                                                   ;
; READ_DURING_WRITE_MODE_PORT_A      ; NEW_DATA_NO_NBE_READ       ; Untyped                                                                   ;
; READ_DURING_WRITE_MODE_PORT_B      ; NEW_DATA_NO_NBE_READ       ; Untyped                                                                   ;
; INIT_FILE                          ; ./simulation/RAMBubble.mif ; Untyped                                                                   ;
; INIT_FILE_LAYOUT                   ; PORT_A                     ; Untyped                                                                   ;
; MAXIMUM_DEPTH                      ; 0                          ; Untyped                                                                   ;
; CLOCK_ENABLE_INPUT_A               ; BYPASS                     ; Untyped                                                                   ;
; CLOCK_ENABLE_INPUT_B               ; NORMAL                     ; Untyped                                                                   ;
; CLOCK_ENABLE_OUTPUT_A              ; BYPASS                     ; Untyped                                                                   ;
; CLOCK_ENABLE_OUTPUT_B              ; NORMAL                     ; Untyped                                                                   ;
; CLOCK_ENABLE_CORE_A                ; USE_INPUT_CLKEN            ; Untyped                                                                   ;
; CLOCK_ENABLE_CORE_B                ; USE_INPUT_CLKEN            ; Untyped                                                                   ;
; ENABLE_ECC                         ; FALSE                      ; Untyped                                                                   ;
; ECC_PIPELINE_STAGE_ENABLED         ; FALSE                      ; Untyped                                                                   ;
; WIDTH_ECCSTATUS                    ; 3                          ; Untyped                                                                   ;
; DEVICE_FAMILY                      ; Cyclone II                 ; Untyped                                                                   ;
; CBXI_PARAMETER                     ; altsyncram_oee1            ; Untyped                                                                   ;
+------------------------------------+----------------------------+---------------------------------------------------------------------------+
Note: In order to hide this table in the UI and the text report file, please set the "Show Parameter Settings in Synthesis Report" option in "Analysis and Synthesis Settings -> More Settings" to "Off".


+---------------------------------------------------------------------------------------------------------+
; Parameter Settings for User Entity Instance: MipsMulticiclo:Mips|blocoOperativo:BO|bancoRegistrador:reg ;
+---------------------+-------+---------------------------------------------------------------------------+
; Parameter Name      ; Value ; Type                                                                      ;
+---------------------+-------+---------------------------------------------------------------------------+
; vectorlength        ; 32    ; Signed Integer                                                            ;
; bitsregisteraddress ; 5     ; Signed Integer                                                            ;
+---------------------+-------+---------------------------------------------------------------------------+
Note: In order to hide this table in the UI and the text report file, please set the "Show Parameter Settings in Synthesis Report" option in "Analysis and Synthesis Settings -> More Settings" to "Off".


+---------------------------------------------------------------------------------------------------+
; Parameter Settings for User Entity Instance: MipsMulticiclo:Mips|blocoOperativo:BO|registrador:RI ;
+----------------+-------+--------------------------------------------------------------------------+
; Parameter Name ; Value ; Type                                                                     ;
+----------------+-------+--------------------------------------------------------------------------+
; vectorlength   ; 32    ; Signed Integer                                                           ;
+----------------+-------+--------------------------------------------------------------------------+
Note: In order to hide this table in the UI and the text report file, please set the "Show Parameter Settings in Synthesis Report" option in "Analysis and Synthesis Settings -> More Settings" to "Off".


+----------------------------------------------------------------------------------------------------+
; Parameter Settings for User Entity Instance: MipsMulticiclo:Mips|blocoOperativo:BO|registrador:RDM ;
+----------------+-------+---------------------------------------------------------------------------+
; Parameter Name ; Value ; Type                                                                      ;
+----------------+-------+---------------------------------------------------------------------------+
; vectorlength   ; 32    ; Signed Integer                                                            ;
+----------------+-------+---------------------------------------------------------------------------+
Note: In order to hide this table in the UI and the text report file, please set the "Show Parameter Settings in Synthesis Report" option in "Analysis and Synthesis Settings -> More Settings" to "Off".


+---------------------------------------------------------------------------------------------------+
; Parameter Settings for User Entity Instance: MipsMulticiclo:Mips|blocoOperativo:BO|registrador:PC ;
+----------------+-------+--------------------------------------------------------------------------+
; Parameter Name ; Value ; Type                                                                     ;
+----------------+-------+--------------------------------------------------------------------------+
; vectorlength   ; 32    ; Signed Integer                                                           ;
+----------------+-------+--------------------------------------------------------------------------+
Note: In order to hide this table in the UI and the text report file, please set the "Show Parameter Settings in Synthesis Report" option in "Analysis and Synthesis Settings -> More Settings" to "Off".


+-----------------------------------------------------------------------------------------------------+
; Parameter Settings for User Entity Instance: MipsMulticiclo:Mips|blocoOperativo:BO|registrador:RegA ;
+----------------+-------+----------------------------------------------------------------------------+
; Parameter Name ; Value ; Type                                                                       ;
+----------------+-------+----------------------------------------------------------------------------+
; vectorlength   ; 32    ; Signed Integer                                                             ;
+----------------+-------+----------------------------------------------------------------------------+
Note: In order to hide this table in the UI and the text report file, please set the "Show Parameter Settings in Synthesis Report" option in "Analysis and Synthesis Settings -> More Settings" to "Off".


+-----------------------------------------------------------------------------------------------------+
; Parameter Settings for User Entity Instance: MipsMulticiclo:Mips|blocoOperativo:BO|registrador:RegB ;
+----------------+-------+----------------------------------------------------------------------------+
; Parameter Name ; Value ; Type                                                                       ;
+----------------+-------+----------------------------------------------------------------------------+
; vectorlength   ; 32    ; Signed Integer                                                             ;
+----------------+-------+----------------------------------------------------------------------------+
Note: In order to hide this table in the UI and the text report file, please set the "Show Parameter Settings in Synthesis Report" option in "Analysis and Synthesis Settings -> More Settings" to "Off".


+---------------------------------------------------------------------------------------------------------+
; Parameter Settings for User Entity Instance: MipsMulticiclo:Mips|blocoOperativo:BO|registrador:ULASaida ;
+----------------+-------+--------------------------------------------------------------------------------+
; Parameter Name ; Value ; Type                                                                           ;
+----------------+-------+--------------------------------------------------------------------------------+
; vectorlength   ; 32    ; Signed Integer                                                                 ;
+----------------+-------+--------------------------------------------------------------------------------+
Note: In order to hide this table in the UI and the text report file, please set the "Show Parameter Settings in Synthesis Report" option in "Analysis and Synthesis Settings -> More Settings" to "Off".


+---------------------------------------------------------------------------------------------+
; Parameter Settings for User Entity Instance: MipsMulticiclo:Mips|blocoOperativo:BO|ULA:ULA1 ;
+----------------+-------+--------------------------------------------------------------------+
; Parameter Name ; Value ; Type                                                               ;
+----------------+-------+--------------------------------------------------------------------+
; vectorlength   ; 32    ; Signed Integer                                                     ;
+----------------+-------+--------------------------------------------------------------------+
Note: In order to hide this table in the UI and the text report file, please set the "Show Parameter Settings in Synthesis Report" option in "Analysis and Synthesis Settings -> More Settings" to "Off".


+---------------------------------------------------------------------------------------------------------------+
; Parameter Settings for User Entity Instance: MipsMulticiclo:Mips|blocoOperativo:BO|ULA:ULA1|Arithmetic:AddSub ;
+----------------+-------+--------------------------------------------------------------------------------------+
; Parameter Name ; Value ; Type                                                                                 ;
+----------------+-------+--------------------------------------------------------------------------------------+
; vectorlength   ; 32    ; Signed Integer                                                                       ;
+----------------+-------+--------------------------------------------------------------------------------------+
Note: In order to hide this table in the UI and the text report file, please set the "Show Parameter Settings in Synthesis Report" option in "Analysis and Synthesis Settings -> More Settings" to "Off".


+--------------------------------------------------------------------------------------------------------------+
; Parameter Settings for User Entity Instance: MipsMulticiclo:Mips|blocoOperativo:BO|ULA:ULA1|Logical:AndOrSlt ;
+----------------+-------+-------------------------------------------------------------------------------------+
; Parameter Name ; Value ; Type                                                                                ;
+----------------+-------+-------------------------------------------------------------------------------------+
; vectorlength   ; 32    ; Signed Integer                                                                      ;
+----------------+-------+-------------------------------------------------------------------------------------+
Note: In order to hide this table in the UI and the text report file, please set the "Show Parameter Settings in Synthesis Report" option in "Analysis and Synthesis Settings -> More Settings" to "Off".


+-----------------------------------------------------------------------------------------------------------+
; Parameter Settings for User Entity Instance: MipsMulticiclo:Mips|blocoOperativo:BO|extensorSinal:extSinal ;
+----------------------+-------+----------------------------------------------------------------------------+
; Parameter Name       ; Value ; Type                                                                       ;
+----------------------+-------+----------------------------------------------------------------------------+
; originalvectorlength ; 16    ; Signed Integer                                                             ;
; extendedvectorlength ; 32    ; Signed Integer                                                             ;
+----------------------+-------+----------------------------------------------------------------------------+
Note: In order to hide this table in the UI and the text report file, please set the "Show Parameter Settings in Synthesis Report" option in "Analysis and Synthesis Settings -> More Settings" to "Off".


+-----------------------------------------------------------------------------------------------------------------+
; Parameter Settings for User Entity Instance: MipsMulticiclo:Mips|blocoOperativo:BO|deslEsquerda:deslocaEsquerda ;
+----------------+-------+----------------------------------------------------------------------------------------+
; Parameter Name ; Value ; Type                                                                                   ;
+----------------+-------+----------------------------------------------------------------------------------------+
; vectorlength   ; 32    ; Signed Integer                                                                         ;
+----------------+-------+----------------------------------------------------------------------------------------+
Note: In order to hide this table in the UI and the text report file, please set the "Show Parameter Settings in Synthesis Report" option in "Analysis and Synthesis Settings -> More Settings" to "Off".


+-------------------------------------------------------------------------------------------------------------------+
; Parameter Settings for User Entity Instance: MipsMulticiclo:Mips|blocoOperativo:BO|deslEsquerda:deslocaEsquerdaPC ;
+----------------+-------+------------------------------------------------------------------------------------------+
; Parameter Name ; Value ; Type                                                                                     ;
+----------------+-------+------------------------------------------------------------------------------------------+
; vectorlength   ; 28    ; Signed Integer                                                                           ;
+----------------+-------+------------------------------------------------------------------------------------------+
Note: In order to hide this table in the UI and the text report file, please set the "Show Parameter Settings in Synthesis Report" option in "Analysis and Synthesis Settings -> More Settings" to "Off".


+--------------------------------------------------------------------------------------------------------------------------------------------+
; altsyncram Parameter Settings by Entity Instance                                                                                           ;
+-------------------------------------------+------------------------------------------------------------------------------------------------+
; Name                                      ; Value                                                                                          ;
+-------------------------------------------+------------------------------------------------------------------------------------------------+
; Number of entity instances                ; 1                                                                                              ;
; Entity Instance                           ; MipsMulticiclo:Mips|blocoOperativo:BO|Memoria:RAM|bram:SectorA|altsyncram:altsyncram_component ;
;     -- OPERATION_MODE                     ; SINGLE_PORT                                                                                    ;
;     -- WIDTH_A                            ; 32                                                                                             ;
;     -- NUMWORDS_A                         ; 256                                                                                            ;
;     -- OUTDATA_REG_A                      ; UNREGISTERED                                                                                   ;
;     -- WIDTH_B                            ; 1                                                                                              ;
;     -- NUMWORDS_B                         ; 1                                                                                              ;
;     -- ADDRESS_REG_B                      ; CLOCK1                                                                                         ;
;     -- OUTDATA_REG_B                      ; UNREGISTERED                                                                                   ;
;     -- RAM_BLOCK_TYPE                     ; AUTO                                                                                           ;
;     -- READ_DURING_WRITE_MODE_MIXED_PORTS ; DONT_CARE                                                                                      ;
+-------------------------------------------+------------------------------------------------------------------------------------------------+


+-------------------------------------------------+
; Port Connectivity Checks: "Decoder7Segments:H7" ;
+----------+-------+----------+-------------------+
; Port     ; Type  ; Severity ; Details           ;
+----------+-------+----------+-------------------+
; input[3] ; Input ; Info     ; Stuck at GND      ;
; input[2] ; Input ; Info     ; Stuck at VCC      ;
; input[1] ; Input ; Info     ; Stuck at GND      ;
; input[0] ; Input ; Info     ; Stuck at VCC      ;
+----------+-------+----------+-------------------+


+----------------------------------------------------------------------------------------+
; Port Connectivity Checks: "MipsMulticiclo:Mips|blocoOperativo:BO|registrador:ULASaida" ;
+--------+-------+----------+------------------------------------------------------------+
; Port   ; Type  ; Severity ; Details                                                    ;
+--------+-------+----------+------------------------------------------------------------+
; enable ; Input ; Info     ; Stuck at VCC                                               ;
+--------+-------+----------+------------------------------------------------------------+


+------------------------------------------------------------------------------------+
; Port Connectivity Checks: "MipsMulticiclo:Mips|blocoOperativo:BO|registrador:RegB" ;
+--------+-------+----------+--------------------------------------------------------+
; Port   ; Type  ; Severity ; Details                                                ;
+--------+-------+----------+--------------------------------------------------------+
; enable ; Input ; Info     ; Stuck at VCC                                           ;
+--------+-------+----------+--------------------------------------------------------+


+------------------------------------------------------------------------------------+
; Port Connectivity Checks: "MipsMulticiclo:Mips|blocoOperativo:BO|registrador:RegA" ;
+--------+-------+----------+--------------------------------------------------------+
; Port   ; Type  ; Severity ; Details                                                ;
+--------+-------+----------+--------------------------------------------------------+
; enable ; Input ; Info     ; Stuck at VCC                                           ;
+--------+-------+----------+--------------------------------------------------------+


+-----------------------------------------------------------------------------------+
; Port Connectivity Checks: "MipsMulticiclo:Mips|blocoOperativo:BO|registrador:RDM" ;
+--------+-------+----------+-------------------------------------------------------+
; Port   ; Type  ; Severity ; Details                                               ;
+--------+-------+----------+-------------------------------------------------------+
; enable ; Input ; Info     ; Stuck at VCC                                          ;
+--------+-------+----------+-------------------------------------------------------+


+-------------------------------------------------------------------------------+
; Port Connectivity Checks: "MipsMulticiclo:Mips|blocoOperativo:BO|Mux4x1:mux3" ;
+--------+-------+----------+---------------------------------------------------+
; Port   ; Type  ; Severity ; Details                                           ;
+--------+-------+----------+---------------------------------------------------+
; inputd ; Input ; Info     ; Stuck at GND                                      ;
+--------+-------+----------+---------------------------------------------------+


+-------------------------------------------------------------------------------+
; Port Connectivity Checks: "MipsMulticiclo:Mips|blocoOperativo:BO|Mux4x1:muxB" ;
+---------------+-------+----------+--------------------------------------------+
; Port          ; Type  ; Severity ; Details                                    ;
+---------------+-------+----------+--------------------------------------------+
; inputb[31..4] ; Input ; Info     ; Stuck at GND                               ;
; inputb[2..0]  ; Input ; Info     ; Stuck at GND                               ;
; inputb[3]     ; Input ; Info     ; Stuck at VCC                               ;
+---------------+-------+----------+--------------------------------------------+


+-------------------------------+
; Elapsed Time Per Partition    ;
+----------------+--------------+
; Partition Name ; Elapsed Time ;
+----------------+--------------+
; Top            ; 00:00:04     ;
+----------------+--------------+


+-------------------------------+
; Analysis & Synthesis Messages ;
+-------------------------------+
Info: *******************************************************************
Info: Running Quartus II 64-Bit Analysis & Synthesis
    Info: Version 13.0.1 Build 232 06/12/2013 Service Pack 1 SJ Web Edition
    Info: Processing started: Fri Dec 01 14:11:02 2017
Info: Command: quartus_map --read_settings_files=on --write_settings_files=off MipsMulticicloDE2Wrapper -c MipsMulticicloDE2Wrapper
Warning (20028): Parallel compilation is not licensed and has been disabled
Info (12021): Found 2 design units, including 1 entities, in source file src/componentes/signalextension.vhd
    Info (12022): Found design unit 1: SignalExtension-Behavioral
    Info (12023): Found entity 1: SignalExtension
Info (12021): Found 2 design units, including 1 entities, in source file src/componentes/mux4x1.vhd
    Info (12022): Found design unit 1: Mux4x1-Behavioral
    Info (12023): Found entity 1: Mux4x1
Info (12021): Found 2 design units, including 1 entities, in source file src/componentes/mux2x1.vhd
    Info (12022): Found design unit 1: Mux2x1-Behavioral
    Info (12023): Found entity 1: Mux2x1
Info (12021): Found 2 design units, including 1 entities, in source file src/componentes/extensorsinal.vhd
    Info (12022): Found design unit 1: extensorSinal-Behavioral
    Info (12023): Found entity 1: extensorSinal
Info (12021): Found 2 design units, including 1 entities, in source file src/componentes/deslesquerda.vhd
    Info (12022): Found design unit 1: deslEsquerda-Behavioral
    Info (12023): Found entity 1: deslEsquerda
Info (12021): Found 2 design units, including 1 entities, in source file src/interface/mipsmulticiclode2wrapper.vhd
    Info (12022): Found design unit 1: MipsMulticicloDE2Wrapper-Structural
    Info (12023): Found entity 1: MipsMulticicloDE2Wrapper
Info (12021): Found 2 design units, including 1 entities, in source file src/interface/mipsmulticiclo.vhd
    Info (12022): Found design unit 1: MipsMulticiclo-Structural
    Info (12023): Found entity 1: MipsMulticiclo
Info (12021): Found 2 design units, including 1 entities, in source file src/interface/decoder7segments.vhd
    Info (12022): Found design unit 1: Decoder7Segments-Behavioral
    Info (12023): Found entity 1: Decoder7Segments
Info (12021): Found 2 design units, including 1 entities, in source file src/interface/debounce.vhd
    Info (12022): Found design unit 1: Debounce-Behavioral
    Info (12023): Found entity 1: Debounce
Info (12021): Found 2 design units, including 1 entities, in source file src/interface/blocooperativo.vhd
    Info (12022): Found design unit 1: blocoOperativo-Structural
    Info (12023): Found entity 1: blocoOperativo
Info (12021): Found 2 design units, including 1 entities, in source file src/interface/blococontrole.vhd
    Info (12022): Found design unit 1: blocoControle-FSMBehavioral
    Info (12023): Found entity 1: blocoControle
Info (12021): Found 2 design units, including 1 entities, in source file src/ram/memoria.vhd
    Info (12022): Found design unit 1: Memoria-RAM
    Info (12023): Found entity 1: Memoria
Info (12021): Found 2 design units, including 1 entities, in source file src/ram/bram.vhd
    Info (12022): Found design unit 1: bram-SYN
    Info (12023): Found entity 1: bram
Info (12021): Found 2 design units, including 1 entities, in source file src/reg/registrador.vhd
    Info (12022): Found design unit 1: registrador-Behavioral
    Info (12023): Found entity 1: registrador
Info (12021): Found 2 design units, including 1 entities, in source file src/reg/bancoregistrador.vhd
    Info (12022): Found design unit 1: bancoRegistrador-Comportamental
    Info (12023): Found entity 1: bancoRegistrador
Info (12021): Found 2 design units, including 1 entities, in source file src/ula/ula.vhd
    Info (12022): Found design unit 1: ULA-Behavioral
    Info (12023): Found entity 1: ULA
Info (12021): Found 2 design units, including 1 entities, in source file src/ula/logical.vhd
    Info (12022): Found design unit 1: Logical-Behavioral
    Info (12023): Found entity 1: Logical
Info (12021): Found 2 design units, including 1 entities, in source file src/ula/arithmetic.vhd
    Info (12022): Found design unit 1: Arithmetic-Behavioral
    Info (12023): Found entity 1: Arithmetic
Info (12021): Found 2 design units, including 1 entities, in source file src/ula/aluoperation.vhd
    Info (12022): Found design unit 1: ALUOperation-Behavioral
    Info (12023): Found entity 1: ALUOperation
Info (12127): Elaborating entity "MipsMulticicloDE2Wrapper" for the top level hierarchy
Info (12128): Elaborating entity "Debounce" for hierarchy "Debounce:DebClk"
Info (12128): Elaborating entity "MipsMulticiclo" for hierarchy "MipsMulticiclo:Mips"
Info (12128): Elaborating entity "blocoControle" for hierarchy "MipsMulticiclo:Mips|blocoControle:BC"
Info (12128): Elaborating entity "blocoOperativo" for hierarchy "MipsMulticiclo:Mips|blocoOperativo:BO"
Info (12128): Elaborating entity "Mux2x1" for hierarchy "MipsMulticiclo:Mips|blocoOperativo:BO|Mux2x1:muxPC"
Info (12128): Elaborating entity "Mux2x1" for hierarchy "MipsMulticiclo:Mips|blocoOperativo:BO|Mux2x1:mux1"
Info (12128): Elaborating entity "Mux4x1" for hierarchy "MipsMulticiclo:Mips|blocoOperativo:BO|Mux4x1:muxB"
Info (12128): Elaborating entity "Memoria" for hierarchy "MipsMulticiclo:Mips|blocoOperativo:BO|Memoria:RAM"
Info (12128): Elaborating entity "bram" for hierarchy "MipsMulticiclo:Mips|blocoOperativo:BO|Memoria:RAM|bram:SectorA"
Info (12128): Elaborating entity "altsyncram" for hierarchy "MipsMulticiclo:Mips|blocoOperativo:BO|Memoria:RAM|bram:SectorA|altsyncram:altsyncram_component"
Info (12130): Elaborated megafunction instantiation "MipsMulticiclo:Mips|blocoOperativo:BO|Memoria:RAM|bram:SectorA|altsyncram:altsyncram_component"
Info (12133): Instantiated megafunction "MipsMulticiclo:Mips|blocoOperativo:BO|Memoria:RAM|bram:SectorA|altsyncram:altsyncram_component" with the following parameter:
    Info (12134): Parameter "clock_enable_input_a" = "BYPASS"
    Info (12134): Parameter "clock_enable_output_a" = "BYPASS"
    Info (12134): Parameter "init_file" = "./simulation/RAMBubble.mif"
    Info (12134): Parameter "intended_device_family" = "Cyclone II"
    Info (12134): Parameter "lpm_hint" = "ENABLE_RUNTIME_MOD=NO"
    Info (12134): Parameter "lpm_type" = "altsyncram"
    Info (12134): Parameter "numwords_a" = "256"
    Info (12134): Parameter "operation_mode" = "SINGLE_PORT"
    Info (12134): Parameter "outdata_aclr_a" = "NONE"
    Info (12134): Parameter "outdata_reg_a" = "UNREGISTERED"
    Info (12134): Parameter "power_up_uninitialized" = "FALSE"
    Info (12134): Parameter "widthad_a" = "8"
    Info (12134): Parameter "width_a" = "32"
    Info (12134): Parameter "width_byteena_a" = "1"
Info (12021): Found 1 design units, including 1 entities, in source file db/altsyncram_oee1.tdf
    Info (12023): Found entity 1: altsyncram_oee1
Info (12128): Elaborating entity "altsyncram_oee1" for hierarchy "MipsMulticiclo:Mips|blocoOperativo:BO|Memoria:RAM|bram:SectorA|altsyncram:altsyncram_component|altsyncram_oee1:auto_generated"
Info (12128): Elaborating entity "bancoRegistrador" for hierarchy "MipsMulticiclo:Mips|blocoOperativo:BO|bancoRegistrador:reg"
Info (12128): Elaborating entity "registrador" for hierarchy "MipsMulticiclo:Mips|blocoOperativo:BO|registrador:RI"
Info (12128): Elaborating entity "ULA" for hierarchy "MipsMulticiclo:Mips|blocoOperativo:BO|ULA:ULA1"
Info (12128): Elaborating entity "Arithmetic" for hierarchy "MipsMulticiclo:Mips|blocoOperativo:BO|ULA:ULA1|Arithmetic:AddSub"
Info (12128): Elaborating entity "Logical" for hierarchy "MipsMulticiclo:Mips|blocoOperativo:BO|ULA:ULA1|Logical:AndOrSlt"
Info (12128): Elaborating entity "extensorSinal" for hierarchy "MipsMulticiclo:Mips|blocoOperativo:BO|extensorSinal:extSinal"
Info (12128): Elaborating entity "ALUOperation" for hierarchy "MipsMulticiclo:Mips|blocoOperativo:BO|ALUOperation:operacaoUla"
Info (12128): Elaborating entity "deslEsquerda" for hierarchy "MipsMulticiclo:Mips|blocoOperativo:BO|deslEsquerda:deslocaEsquerda"
Info (12128): Elaborating entity "deslEsquerda" for hierarchy "MipsMulticiclo:Mips|blocoOperativo:BO|deslEsquerda:deslocaEsquerdaPC"
Info (12128): Elaborating entity "Decoder7Segments" for hierarchy "Decoder7Segments:H0"
Warning (13024): Output pins are stuck at VCC or GND
    Warning (13410): Pin "HEX7[0]" is stuck at GND
    Warning (13410): Pin "HEX7[1]" is stuck at VCC
    Warning (13410): Pin "HEX7[2]" is stuck at GND
    Warning (13410): Pin "HEX7[3]" is stuck at GND
    Warning (13410): Pin "HEX7[4]" is stuck at VCC
    Warning (13410): Pin "HEX7[5]" is stuck at GND
    Warning (13410): Pin "HEX7[6]" is stuck at GND
Info (16010): Generating hard_block partition "hard_block:auto_generated_inst"
    Info (16011): Adding 0 node(s), including 0 DDIO, 0 PLL, 0 transceiver and 0 LCELL
Warning (21074): Design contains 2 input pin(s) that do not drive logic
    Warning (15610): No output dependent on input pin "SW[6]"
    Warning (15610): No output dependent on input pin "SW[7]"
Info (21057): Implemented 3177 device resources after synthesis - the final resource count might be different
    Info (21058): Implemented 13 input pins
    Info (21059): Implemented 76 output pins
    Info (21061): Implemented 3056 logic cells
    Info (21064): Implemented 32 RAM segments
Info: Quartus II 64-Bit Analysis & Synthesis was successful. 0 errors, 12 warnings
    Info: Peak virtual memory: 597 megabytes
    Info: Processing ended: Fri Dec 01 14:11:17 2017
    Info: Elapsed time: 00:00:15
    Info: Total CPU time (on all processors): 00:00:07


